# JRE version: Java(TM) SE Runtime Environment (8.0_92-b14) (build 1.8.0_92-b14)
# Java VM: Java HotSpot(TM) 64-Bit Server VM (25.92-b14 mixed mode windows-amd64 compressed oops)
Heap:
 PSYoungGen      total 52736K, used 36448K [0x00000000e0980000, 0x00000000e4180000, 0x0000000100000000)
  eden space 48640K, 67% used [0x00000000e0980000,0x00000000e2965518,0x00000000e3900000)
  from space 4096K, 92% used [0x00000000e3d80000,0x00000000e4132ae8,0x00000000e4180000)
  to   space 4096K, 0% used [0x00000000e3980000,0x00000000e3980000,0x00000000e3d80000)
 ParOldGen       total 93184K, used 45889K [0x00000000a1c00000, 0x00000000a7700000, 0x00000000e0980000)
  object space 93184K, 49% used [0x00000000a1c00000,0x00000000a48d07e8,0x00000000a7700000)
 Metaspace       used 12238K, capacity 12336K, committed 12544K, reserved 1060864K
  class space    used 1648K, capacity 1683K, committed 1792K, reserved 1048576K
GC Heap History (10 events):
Event: 65.728 GC heap before
{Heap before GC invocations=1 (full 0):
 PSYoungGen      total 28672K, used 24576K [0x00000000e0980000, 0x00000000e2980000, 0x0000000100000000)
  eden space 24576K, 100% used [0x00000000e0980000,0x00000000e2180000,0x00000000e2180000)
  from space 4096K, 0% used [0x00000000e2580000,0x00000000e2580000,0x00000000e2980000)
  to   space 4096K, 0% used [0x00000000e2180000,0x00000000e2180000,0x00000000e2580000)
 ParOldGen       total 65536K, used 0K [0x00000000a1c00000, 0x00000000a5c00000, 0x00000000e0980000)
  object space 65536K, 0% used [0x00000000a1c00000,0x00000000a1c00000,0x00000000a5c00000)
 Metaspace       used 10366K, capacity 10480K, committed 10752K, reserved 1058816K
  class space    used 1461K, capacity 1491K, committed 1536K, reserved 1048576K
Event: 65.735 GC heap after
Heap after GC invocations=1 (full 0):
 PSYoungGen      total 28672K, used 4080K [0x00000000e0980000, 0x00000000e2980000, 0x0000000100000000)
  eden space 24576K, 0% used [0x00000000e0980000,0x00000000e0980000,0x00000000e2180000)
  from space 4096K, 99% used [0x00000000e2180000,0x00000000e257c040,0x00000000e2580000)
  to   space 4096K, 0% used [0x00000000e2580000,0x00000000e2580000,0x00000000e2980000)
 ParOldGen       total 65536K, used 468K [0x00000000a1c00000, 0x00000000a5c00000, 0x00000000e0980000)
  object space 65536K, 0% used [0x00000000a1c00000,0x00000000a1c75030,0x00000000a5c00000)
 Metaspace       used 10366K, capacity 10480K, committed 10752K, reserved 1058816K
  class space    used 1461K, capacity 1491K, committed 1536K, reserved 1048576K
}
Event: 74.323 GC heap before
{Heap before GC invocations=2 (full 0):
 PSYoungGen      total 28672K, used 28656K [0x00000000e0980000, 0x00000000e2980000, 0x0000000100000000)
  eden space 24576K, 100% used [0x00000000e0980000,0x00000000e2180000,0x00000000e2180000)
  from space 4096K, 99% used [0x00000000e2180000,0x00000000e257c040,0x00000000e2580000)
  to   space 4096K, 0% used [0x00000000e2580000,0x00000000e2580000,0x00000000e2980000)
 ParOldGen       total 65536K, used 468K [0x00000000a1c00000, 0x00000000a5c00000, 0x00000000e0980000)
  object space 65536K, 0% used [0x00000000a1c00000,0x00000000a1c75030,0x00000000a5c00000)
 Metaspace       used 11867K, capacity 11984K, committed 12160K, reserved 1060864K
  class space    used 1627K, capacity 1651K, committed 1664K, reserved 1048576K
Event: 75.034 GC heap after
Heap after GC invocations=2 (full 0):
 PSYoungGen      total 28672K, used 4064K [0x00000000e0980000, 0x00000000e4180000, 0x0000000100000000)
  eden space 24576K, 0% used [0x00000000e0980000,0x00000000e0980000,0x00000000e2180000)
  from space 4096K, 99% used [0x00000000e2580000,0x00000000e2978040,0x00000000e2980000)
  to   space 4096K, 0% used [0x00000000e2180000,0x00000000e2180000,0x00000000e2580000)
 ParOldGen       total 65536K, used 14914K [0x00000000a1c00000, 0x00000000a5c00000, 0x00000000e0980000)
  object space 65536K, 22% used [0x00000000a1c00000,0x00000000a2a908c0,0x00000000a5c00000)
 Metaspace       used 11867K, capacity 11984K, committed 12160K, reserved 1060864K
  class space    used 1627K, capacity 1651K, committed 1664K, reserved 1048576K
}
Event: 88.930 GC heap before
{Heap before GC invocations=3 (full 0):
 PSYoungGen      total 28672K, used 28640K [0x00000000e0980000, 0x00000000e4180000, 0x0000000100000000)
  eden space 24576K, 100% used [0x00000000e0980000,0x00000000e2180000,0x00000000e2180000)
  from space 4096K, 99% used [0x00000000e2580000,0x00000000e2978040,0x00000000e2980000)
  to   space 4096K, 0% used [0x00000000e2180000,0x00000000e2180000,0x00000000e2580000)
 ParOldGen       total 65536K, used 14914K [0x00000000a1c00000, 0x00000000a5c00000, 0x00000000e0980000)
  object space 65536K, 22% used [0x00000000a1c00000,0x00000000a2a908c0,0x00000000a5c00000)
 Metaspace       used 11867K, capacity 11984K, committed 12160K, reserved 1060864K
  class space    used 1627K, capacity 1651K, committed 1664K, reserved 1048576K
Event: 88.940 GC heap after
Heap after GC invocations=3 (full 0):
 PSYoungGen      total 28672K, used 4064K [0x00000000e0980000, 0x00000000e4180000, 0x0000000100000000)
  eden space 24576K, 0% used [0x00000000e0980000,0x00000000e0980000,0x00000000e2180000)
  from space 4096K, 99% used [0x00000000e2180000,0x00000000e25780e0,0x00000000e2580000)
  to   space 4096K, 0% used [0x00000000e3d80000,0x00000000e3d80000,0x00000000e4180000)
 ParOldGen       total 65536K, used 39132K [0x00000000a1c00000, 0x00000000a5c00000, 0x00000000e0980000)
  object space 65536K, 59% used [0x00000000a1c00000,0x00000000a42370b0,0x00000000a5c00000)
 Metaspace       used 11867K, capacity 11984K, committed 12160K, reserved 1060864K
  class space    used 1627K, capacity 1651K, committed 1664K, reserved 1048576K
}
Event: 88.940 GC heap before
{Heap before GC invocations=4 (full 1):
 PSYoungGen      total 28672K, used 4064K [0x00000000e0980000, 0x00000000e4180000, 0x0000000100000000)
  eden space 24576K, 0% used [0x00000000e0980000,0x00000000e0980000,0x00000000e2180000)
  from space 4096K, 99% used [0x00000000e2180000,0x00000000e25780e0,0x00000000e2580000)
  to   space 4096K, 0% used [0x00000000e3d80000,0x00000000e3d80000,0x00000000e4180000)
 ParOldGen       total 65536K, used 39132K [0x00000000a1c00000, 0x00000000a5c00000, 0x00000000e0980000)
  object space 65536K, 59% used [0x00000000a1c00000,0x00000000a42370b0,0x00000000a5c00000)
 Metaspace       used 11867K, capacity 11984K, committed 12160K, reserved 1060864K
  class space    used 1627K, capacity 1651K, committed 1664K, reserved 1048576K
Event: 88.988 GC heap after
Heap after GC invocations=4 (full 1):
 PSYoungGen      total 28672K, used 0K [0x00000000e0980000, 0x00000000e4180000, 0x0000000100000000)
  eden space 24576K, 0% used [0x00000000e0980000,0x00000000e0980000,0x00000000e2180000)
  from space 4096K, 0% used [0x00000000e2180000,0x00000000e2180000,0x00000000e2580000)
  to   space 4096K, 0% used [0x00000000e3d80000,0x00000000e3d80000,0x00000000e4180000)
 ParOldGen       total 93184K, used 36464K [0x00000000a1c00000, 0x00000000a7700000, 0x00000000e0980000)
  object space 93184K, 39% used [0x00000000a1c00000,0x00000000a3f9c0b0,0x00000000a7700000)
 Metaspace       used 11867K, capacity 11984K, committed 12160K, reserved 1060864K
  class space    used 1627K, capacity 1651K, committed 1664K, reserved 1048576K
}
Event: 97.789 GC heap before
{Heap before GC invocations=5 (full 1):
 PSYoungGen      total 28672K, used 24576K [0x00000000e0980000, 0x00000000e4180000, 0x0000000100000000)
  eden space 24576K, 100% used [0x00000000e0980000,0x00000000e2180000,0x00000000e2180000)
  from space 4096K, 0% used [0x00000000e2180000,0x00000000e2180000,0x00000000e2580000)
  to   space 4096K, 0% used [0x00000000e3d80000,0x00000000e3d80000,0x00000000e4180000)
 ParOldGen       total 93184K, used 36464K [0x00000000a1c00000, 0x00000000a7700000, 0x00000000e0980000)
  object space 93184K, 39% used [0x00000000a1c00000,0x00000000a3f9c0b0,0x00000000a7700000)
 Metaspace       used 12238K, capacity 12336K, committed 12544K, reserved 1060864K
  class space    used 1648K, capacity 1683K, committed 1792K, reserved 1048576K
Event: 97.807 GC heap after
Heap after GC invocations=5 (full 1):
 PSYoungGen      total 52736K, used 3786K [0x00000000e0980000, 0x00000000e4180000, 0x0000000100000000)
  eden space 48640K, 0% used [0x00000000e0980000,0x00000000e0980000,0x00000000e3900000)
  from space 4096K, 92% used [0x00000000e3d80000,0x00000000e4132ae8,0x00000000e4180000)
  to   space 4096K, 0% used [0x00000000e3980000,0x00000000e3980000,0x00000000e3d80000)
 ParOldGen       total 93184K, used 45889K [0x00000000a1c00000, 0x00000000a7700000, 0x00000000e0980000)
  object space 93184K, 49% used [0x00000000a1c00000,0x00000000a48d07e8,0x00000000a7700000)
 Metaspace       used 12238K, capacity 12336K, committed 12544K, reserved 1060864K
  class space    used 1648K, capacity 1683K, committed 1792K, reserved 1048576K
}

