# JRE version: Java(TM) SE Runtime Environment (8.0_92-b14) (build 1.8.0_92-b14)
# Java VM: Java HotSpot(TM) 64-Bit Server VM (25.92-b14 mixed mode windows-amd64 compressed oops)
Heap:
 PSYoungGen      total 49152K, used 22141K [0x00000000e0980000, 0x00000000e4180000, 0x0000000100000000)
  eden space 45056K, 40% used [0x00000000e0980000,0x00000000e1b212d0,0x00000000e3580000)
  from space 4096K, 99% used [0x00000000e3d80000,0x00000000e417e1a0,0x00000000e4180000)
  to   space 4096K, 0% used [0x00000000e3980000,0x00000000e3980000,0x00000000e3d80000)
 ParOldGen       total 97792K, used 55469K [0x00000000a1c00000, 0x00000000a7b80000, 0x00000000e0980000)
  object space 97792K, 56% used [0x00000000a1c00000,0x00000000a522b6c0,0x00000000a7b80000)
 Metaspace       used 12179K, capacity 12272K, committed 12544K, reserved 1060864K
  class space    used 1643K, capacity 1683K, committed 1792K, reserved 1048576K
GC Heap History (10 events):
Event: 5.138 GC heap before
{Heap before GC invocations=1 (full 0):
 PSYoungGen      total 28672K, used 24576K [0x00000000e0980000, 0x00000000e2980000, 0x0000000100000000)
  eden space 24576K, 100% used [0x00000000e0980000,0x00000000e2180000,0x00000000e2180000)
  from space 4096K, 0% used [0x00000000e2580000,0x00000000e2580000,0x00000000e2980000)
  to   space 4096K, 0% used [0x00000000e2180000,0x00000000e2180000,0x00000000e2580000)
 ParOldGen       total 65536K, used 0K [0x00000000a1c00000, 0x00000000a5c00000, 0x00000000e0980000)
  object space 65536K, 0% used [0x00000000a1c00000,0x00000000a1c00000,0x00000000a5c00000)
 Metaspace       used 10217K, capacity 10320K, committed 10496K, reserved 1058816K
  class space    used 1434K, capacity 1459K, committed 1536K, reserved 1048576K
Event: 5.143 GC heap after
Heap after GC invocations=1 (full 0):
 PSYoungGen      total 28672K, used 4080K [0x00000000e0980000, 0x00000000e2980000, 0x0000000100000000)
  eden space 24576K, 0% used [0x00000000e0980000,0x00000000e0980000,0x00000000e2180000)
  from space 4096K, 99% used [0x00000000e2180000,0x00000000e257c050,0x00000000e2580000)
  to   space 4096K, 0% used [0x00000000e2580000,0x00000000e2580000,0x00000000e2980000)
 ParOldGen       total 65536K, used 468K [0x00000000a1c00000, 0x00000000a5c00000, 0x00000000e0980000)
  object space 65536K, 0% used [0x00000000a1c00000,0x00000000a1c75040,0x00000000a5c00000)
 Metaspace       used 10217K, capacity 10320K, committed 10496K, reserved 1058816K
  class space    used 1434K, capacity 1459K, committed 1536K, reserved 1048576K
}
Event: 5.557 GC heap before
{Heap before GC invocations=2 (full 0):
 PSYoungGen      total 28672K, used 28656K [0x00000000e0980000, 0x00000000e2980000, 0x0000000100000000)
  eden space 24576K, 100% used [0x00000000e0980000,0x00000000e2180000,0x00000000e2180000)
  from space 4096K, 99% used [0x00000000e2180000,0x00000000e257c050,0x00000000e2580000)
  to   space 4096K, 0% used [0x00000000e2580000,0x00000000e2580000,0x00000000e2980000)
 ParOldGen       total 65536K, used 468K [0x00000000a1c00000, 0x00000000a5c00000, 0x00000000e0980000)
  object space 65536K, 0% used [0x00000000a1c00000,0x00000000a1c75040,0x00000000a5c00000)
 Metaspace       used 11865K, capacity 11984K, committed 12160K, reserved 1060864K
  class space    used 1622K, capacity 1651K, committed 1664K, reserved 1048576K
Event: 5.579 GC heap after
Heap after GC invocations=2 (full 0):
 PSYoungGen      total 28672K, used 4068K [0x00000000e0980000, 0x00000000e4180000, 0x0000000100000000)
  eden space 24576K, 0% used [0x00000000e0980000,0x00000000e0980000,0x00000000e2180000)
  from space 4096K, 99% used [0x00000000e2580000,0x00000000e29790b0,0x00000000e2980000)
  to   space 4096K, 0% used [0x00000000e2180000,0x00000000e2180000,0x00000000e2580000)
 ParOldGen       total 65536K, used 14662K [0x00000000a1c00000, 0x00000000a5c00000, 0x00000000e0980000)
  object space 65536K, 22% used [0x00000000a1c00000,0x00000000a2a51860,0x00000000a5c00000)
 Metaspace       used 11865K, capacity 11984K, committed 12160K, reserved 1060864K
  class space    used 1622K, capacity 1651K, committed 1664K, reserved 1048576K
}
Event: 5.735 GC heap before
{Heap before GC invocations=3 (full 0):
 PSYoungGen      total 28672K, used 28644K [0x00000000e0980000, 0x00000000e4180000, 0x0000000100000000)
  eden space 24576K, 100% used [0x00000000e0980000,0x00000000e2180000,0x00000000e2180000)
  from space 4096K, 99% used [0x00000000e2580000,0x00000000e29790b0,0x00000000e2980000)
  to   space 4096K, 0% used [0x00000000e2180000,0x00000000e2180000,0x00000000e2580000)
 ParOldGen       total 65536K, used 14662K [0x00000000a1c00000, 0x00000000a5c00000, 0x00000000e0980000)
  object space 65536K, 22% used [0x00000000a1c00000,0x00000000a2a51860,0x00000000a5c00000)
 Metaspace       used 11865K, capacity 11984K, committed 12160K, reserved 1060864K
  class space    used 1622K, capacity 1651K, committed 1664K, reserved 1048576K
Event: 5.744 GC heap after
Heap after GC invocations=3 (full 0):
 PSYoungGen      total 28672K, used 4084K [0x00000000e0980000, 0x00000000e4180000, 0x0000000100000000)
  eden space 24576K, 0% used [0x00000000e0980000,0x00000000e0980000,0x00000000e2180000)
  from space 4096K, 99% used [0x00000000e2180000,0x00000000e257d190,0x00000000e2580000)
  to   space 4096K, 0% used [0x00000000e3d80000,0x00000000e3d80000,0x00000000e4180000)
 ParOldGen       total 65536K, used 38767K [0x00000000a1c00000, 0x00000000a5c00000, 0x00000000e0980000)
  object space 65536K, 59% used [0x00000000a1c00000,0x00000000a41dbe50,0x00000000a5c00000)
 Metaspace       used 11865K, capacity 11984K, committed 12160K, reserved 1060864K
  class space    used 1622K, capacity 1651K, committed 1664K, reserved 1048576K
}
Event: 5.744 GC heap before
{Heap before GC invocations=4 (full 1):
 PSYoungGen      total 28672K, used 4084K [0x00000000e0980000, 0x00000000e4180000, 0x0000000100000000)
  eden space 24576K, 0% used [0x00000000e0980000,0x00000000e0980000,0x00000000e2180000)
  from space 4096K, 99% used [0x00000000e2180000,0x00000000e257d190,0x00000000e2580000)
  to   space 4096K, 0% used [0x00000000e3d80000,0x00000000e3d80000,0x00000000e4180000)
 ParOldGen       total 65536K, used 38767K [0x00000000a1c00000, 0x00000000a5c00000, 0x00000000e0980000)
  object space 65536K, 59% used [0x00000000a1c00000,0x00000000a41dbe50,0x00000000a5c00000)
 Metaspace       used 11865K, capacity 11984K, committed 12160K, reserved 1060864K
  class space    used 1622K, capacity 1651K, committed 1664K, reserved 1048576K
Event: 5.786 GC heap after
Heap after GC invocations=4 (full 1):
 PSYoungGen      total 28672K, used 0K [0x00000000e0980000, 0x00000000e4180000, 0x0000000100000000)
  eden space 24576K, 0% used [0x00000000e0980000,0x00000000e0980000,0x00000000e2180000)
  from space 4096K, 0% used [0x00000000e2180000,0x00000000e2180000,0x00000000e2580000)
  to   space 4096K, 0% used [0x00000000e3d80000,0x00000000e3d80000,0x00000000e4180000)
 ParOldGen       total 97792K, used 36545K [0x00000000a1c00000, 0x00000000a7b80000, 0x00000000e0980000)
  object space 97792K, 37% used [0x00000000a1c00000,0x00000000a3fb06d0,0x00000000a7b80000)
 Metaspace       used 11865K, capacity 11984K, committed 12160K, reserved 1060864K
  class space    used 1622K, capacity 1651K, committed 1664K, reserved 1048576K
}
Event: 5.815 GC heap before
{Heap before GC invocations=5 (full 1):
 PSYoungGen      total 28672K, used 23127K [0x00000000e0980000, 0x00000000e4180000, 0x0000000100000000)
  eden space 24576K, 94% used [0x00000000e0980000,0x00000000e2015ee8,0x00000000e2180000)
  from space 4096K, 0% used [0x00000000e2180000,0x00000000e2180000,0x00000000e2580000)
  to   space 4096K, 0% used [0x00000000e3d80000,0x00000000e3d80000,0x00000000e4180000)
 ParOldGen       total 97792K, used 36545K [0x00000000a1c00000, 0x00000000a7b80000, 0x00000000e0980000)
  object space 97792K, 37% used [0x00000000a1c00000,0x00000000a3fb06d0,0x00000000a7b80000)
 Metaspace       used 11865K, capacity 11984K, committed 12160K, reserved 1060864K
  class space    used 1622K, capacity 1651K, committed 1664K, reserved 1048576K
Event: 5.821 GC heap after
Heap after GC invocations=5 (full 1):
 PSYoungGen      total 49152K, used 4088K [0x00000000e0980000, 0x00000000e4180000, 0x0000000100000000)
  eden space 45056K, 0% used [0x00000000e0980000,0x00000000e0980000,0x00000000e3580000)
  from space 4096K, 99% used [0x00000000e3d80000,0x00000000e417e1a0,0x00000000e4180000)
  to   space 4096K, 0% used [0x00000000e3980000,0x00000000e3980000,0x00000000e3d80000)
 ParOldGen       total 97792K, used 55469K [0x00000000a1c00000, 0x00000000a7b80000, 0x00000000e0980000)
  object space 97792K, 56% used [0x00000000a1c00000,0x00000000a522b6c0,0x00000000a7b80000)
 Metaspace       used 11865K, capacity 11984K, committed 12160K, reserved 1060864K
  class space    used 1622K, capacity 1651K, committed 1664K, reserved 1048576K
}

